*** Installation started 2011/05/11 22:40 ***
Source: D:\Dropbox\gabiguga_hradec.com\snygro\apps\pygame-1.9.2pre.win32-py2.7.exe
999 Root Key: HKEY_CURRENT_USER
020 Reg DB Key: [Software\Microsoft\Windows\CurrentVersion\Uninstall]pygame-py2.7
040 Reg DB Value: [Software\Microsoft\Windows\CurrentVersion\Uninstall\pygame-py2.7]DisplayName=Python 2.7 pygame-1.9.2pre
040 Reg DB Value: [Software\Microsoft\Windows\CurrentVersion\Uninstall\pygame-py2.7]UninstallString="C:\Python27\Removepygame.exe" -u "C:\Python27\pygame-wininst.log"
100 Made Dir: C:\Python27\Include\pygame
200 File Copy: C:\Python27\Include\pygame\bitmask.h
200 File Copy: C:\Python27\Include\pygame\camera - Copy.h
200 File Copy: C:\Python27\Include\pygame\camera.h
200 File Copy: C:\Python27\Include\pygame\fastevents.h
200 File Copy: C:\Python27\Include\pygame\ffmovie.h
200 File Copy: C:\Python27\Include\pygame\font.h
200 File Copy: C:\Python27\Include\pygame\freetype.h
200 File Copy: C:\Python27\Include\pygame\gmovie.h
200 File Copy: C:\Python27\Include\pygame\mask.h
200 File Copy: C:\Python27\Include\pygame\mixer.h
200 File Copy: C:\Python27\Include\pygame\pgarrinter.h
200 File Copy: C:\Python27\Include\pygame\pgcompat.h
200 File Copy: C:\Python27\Include\pygame\pgopengl.h
200 File Copy: C:\Python27\Include\pygame\pgview.h
200 File Copy: C:\Python27\Include\pygame\pygame.h
200 File Copy: C:\Python27\Include\pygame\pygamedocs.h
200 File Copy: C:\Python27\Include\pygame\scrap.h
200 File Copy: C:\Python27\Include\pygame\surface.h
200 File Copy: C:\Python27\Include\pygame\_gcommand.h
200 File Copy: C:\Python27\Include\pygame\_gmovie.h
200 File Copy: C:\Python27\Include\pygame\_gsound.h
200 File Copy: C:\Python27\Lib\site-packages\pygame-1.9.2pre-py2.7.egg-info
100 Made Dir: C:\Python27\Lib\site-packages\pygame
200 File Copy: C:\Python27\Lib\site-packages\pygame\base.pyd
200 File Copy: C:\Python27\Lib\site-packages\pygame\bufferproxy.pyd
200 File Copy: C:\Python27\Lib\site-packages\pygame\camera.py
200 File Copy: C:\Python27\Lib\site-packages\pygame\cdrom.pyd
200 File Copy: C:\Python27\Lib\site-packages\pygame\color.pyd
200 File Copy: C:\Python27\Lib\site-packages\pygame\colordict.py
200 File Copy: C:\Python27\Lib\site-packages\pygame\compat.py
200 File Copy: C:\Python27\Lib\site-packages\pygame\constants.pyd
200 File Copy: C:\Python27\Lib\site-packages\pygame\cursors.py
200 File Copy: C:\Python27\Lib\site-packages\pygame\display.pyd
200 File Copy: C:\Python27\Lib\site-packages\pygame\draw.pyd
200 File Copy: C:\Python27\Lib\site-packages\pygame\event.pyd
200 File Copy: C:\Python27\Lib\site-packages\pygame\fastevent.pyd
200 File Copy: C:\Python27\Lib\site-packages\pygame\font.pyd
200 File Copy: C:\Python27\Lib\site-packages\pygame\freesansbold.ttf
200 File Copy: C:\Python27\Lib\site-packages\pygame\freetype.pyd
200 File Copy: C:\Python27\Lib\site-packages\pygame\gfxdraw.pyd
200 File Copy: C:\Python27\Lib\site-packages\pygame\image.pyd
200 File Copy: C:\Python27\Lib\site-packages\pygame\imageext.pyd
200 File Copy: C:\Python27\Lib\site-packages\pygame\install.html
200 File Copy: C:\Python27\Lib\site-packages\pygame\joystick.pyd
200 File Copy: C:\Python27\Lib\site-packages\pygame\key.pyd
200 File Copy: C:\Python27\Lib\site-packages\pygame\LGPL
200 File Copy: C:\Python27\Lib\site-packages\pygame\libogg.dll
200 File Copy: C:\Python27\Lib\site-packages\pygame\libvorbis.dll
200 File Copy: C:\Python27\Lib\site-packages\pygame\libvorbisfile.dll
200 File Copy: C:\Python27\Lib\site-packages\pygame\locals.py
200 File Copy: C:\Python27\Lib\site-packages\pygame\macosx.py
200 File Copy: C:\Python27\Lib\site-packages\pygame\mac_scrap.py
200 File Copy: C:\Python27\Lib\site-packages\pygame\mask.pyd
200 File Copy: C:\Python27\Lib\site-packages\pygame\math.pyd
200 File Copy: C:\Python27\Lib\site-packages\pygame\midi.py
200 File Copy: C:\Python27\Lib\site-packages\pygame\mikmod.dll
200 File Copy: C:\Python27\Lib\site-packages\pygame\mixer.pyd
200 File Copy: C:\Python27\Lib\site-packages\pygame\mixer_music.pyd
200 File Copy: C:\Python27\Lib\site-packages\pygame\mouse.pyd
200 File Copy: C:\Python27\Lib\site-packages\pygame\movie.pyd
200 File Copy: C:\Python27\Lib\site-packages\pygame\nmovie.py
200 File Copy: C:\Python27\Lib\site-packages\pygame\overlay.pyd
200 File Copy: C:\Python27\Lib\site-packages\pygame\pixelarray.pyd
200 File Copy: C:\Python27\Lib\site-packages\pygame\pixelcopy.pyd
200 File Copy: C:\Python27\Lib\site-packages\pygame\pkgdata.py
200 File Copy: C:\Python27\Lib\site-packages\pygame\pygame.ico
200 File Copy: C:\Python27\Lib\site-packages\pygame\pygame_icon.bmp
200 File Copy: C:\Python27\Lib\site-packages\pygame\pygame_icon.icns
200 File Copy: C:\Python27\Lib\site-packages\pygame\pygame_icon.png
200 File Copy: C:\Python27\Lib\site-packages\pygame\pygame_icon.svg
200 File Copy: C:\Python27\Lib\site-packages\pygame\pygame_icon.tiff
200 File Copy: C:\Python27\Lib\site-packages\pygame\pypm.pyd
200 File Copy: C:\Python27\Lib\site-packages\pygame\readme.html
200 File Copy: C:\Python27\Lib\site-packages\pygame\rect.pyd
200 File Copy: C:\Python27\Lib\site-packages\pygame\rwobject.pyd
200 File Copy: C:\Python27\Lib\site-packages\pygame\scrap.pyd
200 File Copy: C:\Python27\Lib\site-packages\pygame\SDL.dll
200 File Copy: C:\Python27\Lib\site-packages\pygame\SDL_image.dll
200 File Copy: C:\Python27\Lib\site-packages\pygame\SDL_mixer.dll
200 File Copy: C:\Python27\Lib\site-packages\pygame\SDL_ttf.dll
200 File Copy: C:\Python27\Lib\site-packages\pygame\smpeg.dll
200 File Copy: C:\Python27\Lib\site-packages\pygame\sndarray.py
200 File Copy: C:\Python27\Lib\site-packages\pygame\sprite.py
200 File Copy: C:\Python27\Lib\site-packages\pygame\surface.pyd
200 File Copy: C:\Python27\Lib\site-packages\pygame\surfarray.py
200 File Copy: C:\Python27\Lib\site-packages\pygame\surflock.pyd
200 File Copy: C:\Python27\Lib\site-packages\pygame\sysfont.py
200 File Copy: C:\Python27\Lib\site-packages\pygame\time.pyd
200 File Copy: C:\Python27\Lib\site-packages\pygame\transform.pyd
200 File Copy: C:\Python27\Lib\site-packages\pygame\version.py
200 File Copy: C:\Python27\Lib\site-packages\pygame\vidcap.pyd
200 File Copy: C:\Python27\Lib\site-packages\pygame\zlib1.dll
200 File Copy: C:\Python27\Lib\site-packages\pygame\_camera.pyd
200 File Copy: C:\Python27\Lib\site-packages\pygame\_camera_opencv_highgui.py
200 File Copy: C:\Python27\Lib\site-packages\pygame\_camera_vidcapture.py
200 File Copy: C:\Python27\Lib\site-packages\pygame\_dummybackend.py
200 File Copy: C:\Python27\Lib\site-packages\pygame\_numericsndarray.pyd
200 File Copy: C:\Python27\Lib\site-packages\pygame\_numericsurfarray.pyd
200 File Copy: C:\Python27\Lib\site-packages\pygame\_numpysndarray.py
200 File Copy: C:\Python27\Lib\site-packages\pygame\_numpysurfarray.py
200 File Copy: C:\Python27\Lib\site-packages\pygame\_view.pyd
200 File Copy: C:\Python27\Lib\site-packages\pygame\_vlcbackend.py
200 File Copy: C:\Python27\Lib\site-packages\pygame\__init__.py
100 Made Dir: C:\Python27\Lib\site-packages\pygame\docs
200 File Copy: C:\Python27\Lib\site-packages\pygame\docs\filepaths.html
200 File Copy: C:\Python27\Lib\site-packages\pygame\docs\index.html
200 File Copy: C:\Python27\Lib\site-packages\pygame\docs\logos.html
200 File Copy: C:\Python27\Lib\site-packages\pygame\docs\pygame_logo.gif
200 File Copy: C:\Python27\Lib\site-packages\pygame\docs\pygame_powered.gif
200 File Copy: C:\Python27\Lib\site-packages\pygame\docs\pygame_small.gif
200 File Copy: C:\Python27\Lib\site-packages\pygame\docs\pygame_tiny.gif
200 File Copy: C:\Python27\Lib\site-packages\pygame\docs\__init__.py
200 File Copy: C:\Python27\Lib\site-packages\pygame\docs\__main__.py
100 Made Dir: C:\Python27\Lib\site-packages\pygame\docs\ref
200 File Copy: C:\Python27\Lib\site-packages\pygame\docs\ref\camera.html
200 File Copy: C:\Python27\Lib\site-packages\pygame\docs\ref\cdrom.html
200 File Copy: C:\Python27\Lib\site-packages\pygame\docs\ref\color.html
200 File Copy: C:\Python27\Lib\site-packages\pygame\docs\ref\cursors.html
200 File Copy: C:\Python27\Lib\site-packages\pygame\docs\ref\display.html
200 File Copy: C:\Python27\Lib\site-packages\pygame\docs\ref\draw.html
200 File Copy: C:\Python27\Lib\site-packages\pygame\docs\ref\event.html
200 File Copy: C:\Python27\Lib\site-packages\pygame\docs\ref\examples.html
200 File Copy: C:\Python27\Lib\site-packages\pygame\docs\ref\font.html
200 File Copy: C:\Python27\Lib\site-packages\pygame\docs\ref\freetype.html
200 File Copy: C:\Python27\Lib\site-packages\pygame\docs\ref\gfxdraw.html
200 File Copy: C:\Python27\Lib\site-packages\pygame\docs\ref\image.html
200 File Copy: C:\Python27\Lib\site-packages\pygame\docs\ref\index.html
200 File Copy: C:\Python27\Lib\site-packages\pygame\docs\ref\joystick.html
200 File Copy: C:\Python27\Lib\site-packages\pygame\docs\ref\key.html
200 File Copy: C:\Python27\Lib\site-packages\pygame\docs\ref\locals.html
200 File Copy: C:\Python27\Lib\site-packages\pygame\docs\ref\mask.html
200 File Copy: C:\Python27\Lib\site-packages\pygame\docs\ref\math.html
200 File Copy: C:\Python27\Lib\site-packages\pygame\docs\ref\midi.html
200 File Copy: C:\Python27\Lib\site-packages\pygame\docs\ref\mixer.html
200 File Copy: C:\Python27\Lib\site-packages\pygame\docs\ref\mouse.html
200 File Copy: C:\Python27\Lib\site-packages\pygame\docs\ref\movie.html
200 File Copy: C:\Python27\Lib\site-packages\pygame\docs\ref\music.html
200 File Copy: C:\Python27\Lib\site-packages\pygame\docs\ref\overlay.html
200 File Copy: C:\Python27\Lib\site-packages\pygame\docs\ref\pixelarray.html
200 File Copy: C:\Python27\Lib\site-packages\pygame\docs\ref\pixelcopy.html
200 File Copy: C:\Python27\Lib\site-packages\pygame\docs\ref\pygame.html
200 File Copy: C:\Python27\Lib\site-packages\pygame\docs\ref\pygame_cursor.html
200 File Copy: C:\Python27\Lib\site-packages\pygame\docs\ref\rect.html
200 File Copy: C:\Python27\Lib\site-packages\pygame\docs\ref\scrap.html
200 File Copy: C:\Python27\Lib\site-packages\pygame\docs\ref\sndarray.html
200 File Copy: C:\Python27\Lib\site-packages\pygame\docs\ref\sprite.html
200 File Copy: C:\Python27\Lib\site-packages\pygame\docs\ref\surface.html
200 File Copy: C:\Python27\Lib\site-packages\pygame\docs\ref\surfarray.html
200 File Copy: C:\Python27\Lib\site-packages\pygame\docs\ref\tests.html
200 File Copy: C:\Python27\Lib\site-packages\pygame\docs\ref\time.html
200 File Copy: C:\Python27\Lib\site-packages\pygame\docs\ref\transform.html
100 Made Dir: C:\Python27\Lib\site-packages\pygame\docs\tut
200 File Copy: C:\Python27\Lib\site-packages\pygame\docs\tut\DisplayModes.html
200 File Copy: C:\Python27\Lib\site-packages\pygame\docs\tut\ImportInit.html
200 File Copy: C:\Python27\Lib\site-packages\pygame\docs\tut\MoveIt.html
200 File Copy: C:\Python27\Lib\site-packages\pygame\docs\tut\newbieguide.html
200 File Copy: C:\Python27\Lib\site-packages\pygame\docs\tut\SpriteIntro.html
100 Made Dir: C:\Python27\Lib\site-packages\pygame\docs\tut\chimp
200 File Copy: C:\Python27\Lib\site-packages\pygame\docs\tut\chimp\chimp.py.html
200 File Copy: C:\Python27\Lib\site-packages\pygame\docs\tut\chimp\ChimpLineByLine.html
200 File Copy: C:\Python27\Lib\site-packages\pygame\docs\tut\chimp\chimpshot.gif
100 Made Dir: C:\Python27\Lib\site-packages\pygame\docs\tut\intro
200 File Copy: C:\Python27\Lib\site-packages\pygame\docs\tut\intro\ball.gif
200 File Copy: C:\Python27\Lib\site-packages\pygame\docs\tut\intro\blade.jpg
200 File Copy: C:\Python27\Lib\site-packages\pygame\docs\tut\intro\freedom.jpg
200 File Copy: C:\Python27\Lib\site-packages\pygame\docs\tut\intro\intro.html
100 Made Dir: C:\Python27\Lib\site-packages\pygame\docs\tut\surfarray
200 File Copy: C:\Python27\Lib\site-packages\pygame\docs\tut\surfarray\allblack.jpg
200 File Copy: C:\Python27\Lib\site-packages\pygame\docs\tut\surfarray\flipped.jpg
200 File Copy: C:\Python27\Lib\site-packages\pygame\docs\tut\surfarray\imgarray.jpg
200 File Copy: C:\Python27\Lib\site-packages\pygame\docs\tut\surfarray\redimg.jpg
200 File Copy: C:\Python27\Lib\site-packages\pygame\docs\tut\surfarray\scaledown.jpg
200 File Copy: C:\Python27\Lib\site-packages\pygame\docs\tut\surfarray\scaleup.jpg
200 File Copy: C:\Python27\Lib\site-packages\pygame\docs\tut\surfarray\soften.jpg
200 File Copy: C:\Python27\Lib\site-packages\pygame\docs\tut\surfarray\striped.jpg
200 File Copy: C:\Python27\Lib\site-packages\pygame\docs\tut\surfarray\SurfarrayIntro.html
200 File Copy: C:\Python27\Lib\site-packages\pygame\docs\tut\surfarray\xfade.jpg
100 Made Dir: C:\Python27\Lib\site-packages\pygame\docs\tut\tom
200 File Copy: C:\Python27\Lib\site-packages\pygame\docs\tut\tom\basic.png
200 File Copy: C:\Python27\Lib\site-packages\pygame\docs\tut\tom\event-flowchart.png
200 File Copy: C:\Python27\Lib\site-packages\pygame\docs\tut\tom\formulae.png
200 File Copy: C:\Python27\Lib\site-packages\pygame\docs\tut\tom\games2.html
200 File Copy: C:\Python27\Lib\site-packages\pygame\docs\tut\tom\games3.html
200 File Copy: C:\Python27\Lib\site-packages\pygame\docs\tut\tom\games4.html
200 File Copy: C:\Python27\Lib\site-packages\pygame\docs\tut\tom\games5.html
200 File Copy: C:\Python27\Lib\site-packages\pygame\docs\tut\tom\games6.html
200 File Copy: C:\Python27\Lib\site-packages\pygame\docs\tut\tom\MakeGames.html
200 File Copy: C:\Python27\Lib\site-packages\pygame\docs\tut\tom\radians.png
100 Made Dir: C:\Python27\Lib\site-packages\pygame\examples
200 File Copy: C:\Python27\Lib\site-packages\pygame\examples\aacircle.py
200 File Copy: C:\Python27\Lib\site-packages\pygame\examples\aacircle_test.py
200 File Copy: C:\Python27\Lib\site-packages\pygame\examples\aliens.py
200 File Copy: C:\Python27\Lib\site-packages\pygame\examples\arraydemo.py
200 File Copy: C:\Python27\Lib\site-packages\pygame\examples\blend_fill.py
200 File Copy: C:\Python27\Lib\site-packages\pygame\examples\blit_blends.py
200 File Copy: C:\Python27\Lib\site-packages\pygame\examples\camera.py
200 File Copy: C:\Python27\Lib\site-packages\pygame\examples\chimp.py
200 File Copy: C:\Python27\Lib\site-packages\pygame\examples\cursors.py
200 File Copy: C:\Python27\Lib\site-packages\pygame\examples\eventlist.py
200 File Copy: C:\Python27\Lib\site-packages\pygame\examples\fastevents.py
200 File Copy: C:\Python27\Lib\site-packages\pygame\examples\fonty.py
200 File Copy: C:\Python27\Lib\site-packages\pygame\examples\freetype_misc.py
200 File Copy: C:\Python27\Lib\site-packages\pygame\examples\glcube.py
200 File Copy: C:\Python27\Lib\site-packages\pygame\examples\headless_no_windows_needed.py
200 File Copy: C:\Python27\Lib\site-packages\pygame\examples\liquid.py
200 File Copy: C:\Python27\Lib\site-packages\pygame\examples\mask.py
200 File Copy: C:\Python27\Lib\site-packages\pygame\examples\midi.py
200 File Copy: C:\Python27\Lib\site-packages\pygame\examples\moveit.py
200 File Copy: C:\Python27\Lib\site-packages\pygame\examples\movieplayer.py
200 File Copy: C:\Python27\Lib\site-packages\pygame\examples\oldalien.py
200 File Copy: C:\Python27\Lib\site-packages\pygame\examples\overlay.py
200 File Copy: C:\Python27\Lib\site-packages\pygame\examples\pixelarray.py
200 File Copy: C:\Python27\Lib\site-packages\pygame\examples\readme.txt
200 File Copy: C:\Python27\Lib\site-packages\pygame\examples\scaletest.py
200 File Copy: C:\Python27\Lib\site-packages\pygame\examples\scrap_clipboard.py
200 File Copy: C:\Python27\Lib\site-packages\pygame\examples\scroll.py
200 File Copy: C:\Python27\Lib\site-packages\pygame\examples\sound.py
200 File Copy: C:\Python27\Lib\site-packages\pygame\examples\sound_array_demos.py
200 File Copy: C:\Python27\Lib\site-packages\pygame\examples\stars.py
200 File Copy: C:\Python27\Lib\site-packages\pygame\examples\testsprite.py
200 File Copy: C:\Python27\Lib\site-packages\pygame\examples\vgrade.py
200 File Copy: C:\Python27\Lib\site-packages\pygame\examples\__init__.py
200 File Copy: C:\Python27\Lib\site-packages\pygame\examples\__movie_test.py
100 Made Dir: C:\Python27\Lib\site-packages\pygame\examples\data
200 File Copy: C:\Python27\Lib\site-packages\pygame\examples\data\alien1.gif
200 File Copy: C:\Python27\Lib\site-packages\pygame\examples\data\alien1.jpg
200 File Copy: C:\Python27\Lib\site-packages\pygame\examples\data\alien1.png
200 File Copy: C:\Python27\Lib\site-packages\pygame\examples\data\alien2.gif
200 File Copy: C:\Python27\Lib\site-packages\pygame\examples\data\alien2.png
200 File Copy: C:\Python27\Lib\site-packages\pygame\examples\data\alien3.gif
200 File Copy: C:\Python27\Lib\site-packages\pygame\examples\data\alien3.png
200 File Copy: C:\Python27\Lib\site-packages\pygame\examples\data\arraydemo.bmp
200 File Copy: C:\Python27\Lib\site-packages\pygame\examples\data\asprite.bmp
200 File Copy: C:\Python27\Lib\site-packages\pygame\examples\data\background.gif
200 File Copy: C:\Python27\Lib\site-packages\pygame\examples\data\blue.mpg
200 File Copy: C:\Python27\Lib\site-packages\pygame\examples\data\bomb.gif
200 File Copy: C:\Python27\Lib\site-packages\pygame\examples\data\boom.wav
200 File Copy: C:\Python27\Lib\site-packages\pygame\examples\data\car_door.wav
200 File Copy: C:\Python27\Lib\site-packages\pygame\examples\data\chimp.bmp
200 File Copy: C:\Python27\Lib\site-packages\pygame\examples\data\danger.gif
200 File Copy: C:\Python27\Lib\site-packages\pygame\examples\data\explosion1.gif
200 File Copy: C:\Python27\Lib\site-packages\pygame\examples\data\fist.bmp
200 File Copy: C:\Python27\Lib\site-packages\pygame\examples\data\house_lo.mp3
200 File Copy: C:\Python27\Lib\site-packages\pygame\examples\data\house_lo.ogg
200 File Copy: C:\Python27\Lib\site-packages\pygame\examples\data\house_lo.wav
200 File Copy: C:\Python27\Lib\site-packages\pygame\examples\data\liquid.bmp
200 File Copy: C:\Python27\Lib\site-packages\pygame\examples\data\midikeys.png
200 File Copy: C:\Python27\Lib\site-packages\pygame\examples\data\oldplayer.gif
200 File Copy: C:\Python27\Lib\site-packages\pygame\examples\data\player1.gif
200 File Copy: C:\Python27\Lib\site-packages\pygame\examples\data\punch.wav
200 File Copy: C:\Python27\Lib\site-packages\pygame\examples\data\sans.ttf
200 File Copy: C:\Python27\Lib\site-packages\pygame\examples\data\secosmic_lo.wav
200 File Copy: C:\Python27\Lib\site-packages\pygame\examples\data\shot.gif
200 File Copy: C:\Python27\Lib\site-packages\pygame\examples\data\static.png
200 File Copy: C:\Python27\Lib\site-packages\pygame\examples\data\whiff.wav
200 File Copy: C:\Python27\Lib\site-packages\pygame\examples\data\yuv_1.pgm
100 Made Dir: C:\Python27\Lib\site-packages\pygame\examples\macosx
200 File Copy: C:\Python27\Lib\site-packages\pygame\examples\macosx\macfont.py
100 Made Dir: C:\Python27\Lib\site-packages\pygame\examples\macosx\aliens_app_example
200 File Copy: C:\Python27\Lib\site-packages\pygame\examples\macosx\aliens_app_example\aliens.py
200 File Copy: C:\Python27\Lib\site-packages\pygame\examples\macosx\aliens_app_example\README.txt
200 File Copy: C:\Python27\Lib\site-packages\pygame\examples\macosx\aliens_app_example\setup.py
100 Made Dir: C:\Python27\Lib\site-packages\pygame\examples\macosx\aliens_app_example\English.lproj
200 File Copy: C:\Python27\Lib\site-packages\pygame\examples\macosx\aliens_app_example\English.lproj\aliens.icns
100 Made Dir: C:\Python27\Lib\site-packages\pygame\examples\macosx\aliens_app_example\English.lproj\MainMenu.nib
200 File Copy: C:\Python27\Lib\site-packages\pygame\examples\macosx\aliens_app_example\English.lproj\MainMenu.nib\classes.nib
200 File Copy: C:\Python27\Lib\site-packages\pygame\examples\macosx\aliens_app_example\English.lproj\MainMenu.nib\info.nib
200 File Copy: C:\Python27\Lib\site-packages\pygame\examples\macosx\aliens_app_example\English.lproj\MainMenu.nib\JavaCompiling.plist
200 File Copy: C:\Python27\Lib\site-packages\pygame\examples\macosx\aliens_app_example\English.lproj\MainMenu.nib\keyedobjects.nib
200 File Copy: C:\Python27\Lib\site-packages\pygame\examples\macosx\aliens_app_example\English.lproj\MainMenu.nib\_MainMenu_EOArchive_English.java
100 Made Dir: C:\Python27\Lib\site-packages\pygame\gp2x
200 File Copy: C:\Python27\Lib\site-packages\pygame\gp2x\constants.py
200 File Copy: C:\Python27\Lib\site-packages\pygame\gp2x\locals.py
200 File Copy: C:\Python27\Lib\site-packages\pygame\gp2x\__init__.py
100 Made Dir: C:\Python27\Lib\site-packages\pygame\tests
200 File Copy: C:\Python27\Lib\site-packages\pygame\tests\base_test.py
200 File Copy: C:\Python27\Lib\site-packages\pygame\tests\blit_test.py
200 File Copy: C:\Python27\Lib\site-packages\pygame\tests\bufferproxy_test.py
200 File Copy: C:\Python27\Lib\site-packages\pygame\tests\camera_test.py
200 File Copy: C:\Python27\Lib\site-packages\pygame\tests\cdrom_tags.py
200 File Copy: C:\Python27\Lib\site-packages\pygame\tests\cdrom_test.py
200 File Copy: C:\Python27\Lib\site-packages\pygame\tests\color_test.py
200 File Copy: C:\Python27\Lib\site-packages\pygame\tests\compat_test.py
200 File Copy: C:\Python27\Lib\site-packages\pygame\tests\cursors_test.py
200 File Copy: C:\Python27\Lib\site-packages\pygame\tests\display_test.py
200 File Copy: C:\Python27\Lib\site-packages\pygame\tests\draw_test.py
200 File Copy: C:\Python27\Lib\site-packages\pygame\tests\event_test.py
200 File Copy: C:\Python27\Lib\site-packages\pygame\tests\fastevent_test.py
200 File Copy: C:\Python27\Lib\site-packages\pygame\tests\font_tags.py
200 File Copy: C:\Python27\Lib\site-packages\pygame\tests\font_test.py
200 File Copy: C:\Python27\Lib\site-packages\pygame\tests\freetype_font_tags.py
200 File Copy: C:\Python27\Lib\site-packages\pygame\tests\freetype_font_test.py
200 File Copy: C:\Python27\Lib\site-packages\pygame\tests\gfxdraw_test.py
200 File Copy: C:\Python27\Lib\site-packages\pygame\tests\imageext_tags.py
200 File Copy: C:\Python27\Lib\site-packages\pygame\tests\imageext_test.py
200 File Copy: C:\Python27\Lib\site-packages\pygame\tests\image_tags.py
200 File Copy: C:\Python27\Lib\site-packages\pygame\tests\image_test.py
200 File Copy: C:\Python27\Lib\site-packages\pygame\tests\image__save_gl_surface_test.py
200 File Copy: C:\Python27\Lib\site-packages\pygame\tests\joystick_test.py
200 File Copy: C:\Python27\Lib\site-packages\pygame\tests\key_test.py
200 File Copy: C:\Python27\Lib\site-packages\pygame\tests\mask_test.py
200 File Copy: C:\Python27\Lib\site-packages\pygame\tests\math_test.py
200 File Copy: C:\Python27\Lib\site-packages\pygame\tests\midi_tags.py
200 File Copy: C:\Python27\Lib\site-packages\pygame\tests\midi_test.py
200 File Copy: C:\Python27\Lib\site-packages\pygame\tests\mixer_music_tags.py
200 File Copy: C:\Python27\Lib\site-packages\pygame\tests\mixer_music_test.py
200 File Copy: C:\Python27\Lib\site-packages\pygame\tests\mixer_tags.py
200 File Copy: C:\Python27\Lib\site-packages\pygame\tests\mixer_test.py
200 File Copy: C:\Python27\Lib\site-packages\pygame\tests\mouse_test.py
200 File Copy: C:\Python27\Lib\site-packages\pygame\tests\movie_tags.py
200 File Copy: C:\Python27\Lib\site-packages\pygame\tests\movie_test.py
200 File Copy: C:\Python27\Lib\site-packages\pygame\tests\overlay_test.py
200 File Copy: C:\Python27\Lib\site-packages\pygame\tests\pixelarray_test.py
200 File Copy: C:\Python27\Lib\site-packages\pygame\tests\pixelcopy_test.py
200 File Copy: C:\Python27\Lib\site-packages\pygame\tests\rect_test.py
200 File Copy: C:\Python27\Lib\site-packages\pygame\tests\rwobject_test.py
200 File Copy: C:\Python27\Lib\site-packages\pygame\tests\scrap_tags.py
200 File Copy: C:\Python27\Lib\site-packages\pygame\tests\scrap_test.py
200 File Copy: C:\Python27\Lib\site-packages\pygame\tests\sndarray_tags.py
200 File Copy: C:\Python27\Lib\site-packages\pygame\tests\sndarray_test.py
200 File Copy: C:\Python27\Lib\site-packages\pygame\tests\sprite_test.py
200 File Copy: C:\Python27\Lib\site-packages\pygame\tests\surface_test.py
200 File Copy: C:\Python27\Lib\site-packages\pygame\tests\surfarray_tags.py
200 File Copy: C:\Python27\Lib\site-packages\pygame\tests\surfarray_test.py
200 File Copy: C:\Python27\Lib\site-packages\pygame\tests\surflock_test.py
200 File Copy: C:\Python27\Lib\site-packages\pygame\tests\sysfont_test.py
200 File Copy: C:\Python27\Lib\site-packages\pygame\tests\test_test_.py
200 File Copy: C:\Python27\Lib\site-packages\pygame\tests\threads_tags.py
200 File Copy: C:\Python27\Lib\site-packages\pygame\tests\threads_test.py
200 File Copy: C:\Python27\Lib\site-packages\pygame\tests\time_test.py
200 File Copy: C:\Python27\Lib\site-packages\pygame\tests\transform_test.py
200 File Copy: C:\Python27\Lib\site-packages\pygame\tests\_dummymovietest.py
200 File Copy: C:\Python27\Lib\site-packages\pygame\tests\_movie_tags.py
200 File Copy: C:\Python27\Lib\site-packages\pygame\tests\_movie_test.py
200 File Copy: C:\Python27\Lib\site-packages\pygame\tests\_view_test.py
200 File Copy: C:\Python27\Lib\site-packages\pygame\tests\_vlcmovietest.py
200 File Copy: C:\Python27\Lib\site-packages\pygame\tests\__init__.py
200 File Copy: C:\Python27\Lib\site-packages\pygame\tests\__main__.py
100 Made Dir: C:\Python27\Lib\site-packages\pygame\tests\fixtures
100 Made Dir: C:\Python27\Lib\site-packages\pygame\tests\fixtures\fonts
200 File Copy: C:\Python27\Lib\site-packages\pygame\tests\fixtures\fonts\test_fixed.otf
200 File Copy: C:\Python27\Lib\site-packages\pygame\tests\fixtures\fonts\test_sans.ttf
100 Made Dir: C:\Python27\Lib\site-packages\pygame\tests\fixtures\xbm_cursors
200 File Copy: C:\Python27\Lib\site-packages\pygame\tests\fixtures\xbm_cursors\white_sizing.xbm
200 File Copy: C:\Python27\Lib\site-packages\pygame\tests\fixtures\xbm_cursors\white_sizing_mask.xbm
100 Made Dir: C:\Python27\Lib\site-packages\pygame\tests\run_tests__tests
200 File Copy: C:\Python27\Lib\site-packages\pygame\tests\run_tests__tests\run_tests__test.py
200 File Copy: C:\Python27\Lib\site-packages\pygame\tests\run_tests__tests\__init__.py
100 Made Dir: C:\Python27\Lib\site-packages\pygame\tests\run_tests__tests\all_ok
200 File Copy: C:\Python27\Lib\site-packages\pygame\tests\run_tests__tests\all_ok\fake_2_test.py
200 File Copy: C:\Python27\Lib\site-packages\pygame\tests\run_tests__tests\all_ok\fake_3_test.py
200 File Copy: C:\Python27\Lib\site-packages\pygame\tests\run_tests__tests\all_ok\fake_4_test.py
200 File Copy: C:\Python27\Lib\site-packages\pygame\tests\run_tests__tests\all_ok\fake_5_test.py
200 File Copy: C:\Python27\Lib\site-packages\pygame\tests\run_tests__tests\all_ok\fake_6_test.py
200 File Copy: C:\Python27\Lib\site-packages\pygame\tests\run_tests__tests\all_ok\no_assertions__ret_code_of_1__test.py
200 File Copy: C:\Python27\Lib\site-packages\pygame\tests\run_tests__tests\all_ok\zero_tests_test.py
200 File Copy: C:\Python27\Lib\site-packages\pygame\tests\run_tests__tests\all_ok\__init__.py
100 Made Dir: C:\Python27\Lib\site-packages\pygame\tests\run_tests__tests\everything
200 File Copy: C:\Python27\Lib\site-packages\pygame\tests\run_tests__tests\everything\fake_2_test.py
200 File Copy: C:\Python27\Lib\site-packages\pygame\tests\run_tests__tests\everything\incomplete_todo_test.py
200 File Copy: C:\Python27\Lib\site-packages\pygame\tests\run_tests__tests\everything\magic_tag_test.py
200 File Copy: C:\Python27\Lib\site-packages\pygame\tests\run_tests__tests\everything\sleep_test.py
200 File Copy: C:\Python27\Lib\site-packages\pygame\tests\run_tests__tests\everything\__init__.py
100 Made Dir: C:\Python27\Lib\site-packages\pygame\tests\run_tests__tests\exclude
200 File Copy: C:\Python27\Lib\site-packages\pygame\tests\run_tests__tests\exclude\fake_2_test.py
200 File Copy: C:\Python27\Lib\site-packages\pygame\tests\run_tests__tests\exclude\invisible_tag_test.py
200 File Copy: C:\Python27\Lib\site-packages\pygame\tests\run_tests__tests\exclude\magic_tag_test.py
200 File Copy: C:\Python27\Lib\site-packages\pygame\tests\run_tests__tests\exclude\__init__.py
100 Made Dir: C:\Python27\Lib\site-packages\pygame\tests\run_tests__tests\failures1
200 File Copy: C:\Python27\Lib\site-packages\pygame\tests\run_tests__tests\failures1\fake_2_test.py
200 File Copy: C:\Python27\Lib\site-packages\pygame\tests\run_tests__tests\failures1\fake_3_test.py
200 File Copy: C:\Python27\Lib\site-packages\pygame\tests\run_tests__tests\failures1\fake_4_test.py
200 File Copy: C:\Python27\Lib\site-packages\pygame\tests\run_tests__tests\failures1\__init__.py
100 Made Dir: C:\Python27\Lib\site-packages\pygame\tests\run_tests__tests\incomplete
200 File Copy: C:\Python27\Lib\site-packages\pygame\tests\run_tests__tests\incomplete\fake_2_test.py
200 File Copy: C:\Python27\Lib\site-packages\pygame\tests\run_tests__tests\incomplete\fake_3_test.py
200 File Copy: C:\Python27\Lib\site-packages\pygame\tests\run_tests__tests\incomplete\__init__.py
100 Made Dir: C:\Python27\Lib\site-packages\pygame\tests\run_tests__tests\incomplete_todo
200 File Copy: C:\Python27\Lib\site-packages\pygame\tests\run_tests__tests\incomplete_todo\fake_2_test.py
200 File Copy: C:\Python27\Lib\site-packages\pygame\tests\run_tests__tests\incomplete_todo\fake_3_test.py
200 File Copy: C:\Python27\Lib\site-packages\pygame\tests\run_tests__tests\incomplete_todo\__init__.py
100 Made Dir: C:\Python27\Lib\site-packages\pygame\tests\run_tests__tests\infinite_loop
200 File Copy: C:\Python27\Lib\site-packages\pygame\tests\run_tests__tests\infinite_loop\fake_1_test.py
200 File Copy: C:\Python27\Lib\site-packages\pygame\tests\run_tests__tests\infinite_loop\fake_2_test.py
200 File Copy: C:\Python27\Lib\site-packages\pygame\tests\run_tests__tests\infinite_loop\__init__.py
100 Made Dir: C:\Python27\Lib\site-packages\pygame\tests\run_tests__tests\print_stderr
200 File Copy: C:\Python27\Lib\site-packages\pygame\tests\run_tests__tests\print_stderr\fake_2_test.py
200 File Copy: C:\Python27\Lib\site-packages\pygame\tests\run_tests__tests\print_stderr\fake_3_test.py
200 File Copy: C:\Python27\Lib\site-packages\pygame\tests\run_tests__tests\print_stderr\fake_4_test.py
200 File Copy: C:\Python27\Lib\site-packages\pygame\tests\run_tests__tests\print_stderr\__init__.py
100 Made Dir: C:\Python27\Lib\site-packages\pygame\tests\run_tests__tests\print_stdout
200 File Copy: C:\Python27\Lib\site-packages\pygame\tests\run_tests__tests\print_stdout\fake_2_test.py
200 File Copy: C:\Python27\Lib\site-packages\pygame\tests\run_tests__tests\print_stdout\fake_3_test.py
200 File Copy: C:\Python27\Lib\site-packages\pygame\tests\run_tests__tests\print_stdout\fake_4_test.py
200 File Copy: C:\Python27\Lib\site-packages\pygame\tests\run_tests__tests\print_stdout\__init__.py
100 Made Dir: C:\Python27\Lib\site-packages\pygame\tests\run_tests__tests\timeout
200 File Copy: C:\Python27\Lib\site-packages\pygame\tests\run_tests__tests\timeout\fake_2_test.py
200 File Copy: C:\Python27\Lib\site-packages\pygame\tests\run_tests__tests\timeout\sleep_test.py
200 File Copy: C:\Python27\Lib\site-packages\pygame\tests\run_tests__tests\timeout\__init__.py
100 Made Dir: C:\Python27\Lib\site-packages\pygame\tests\test_utils
200 File Copy: C:\Python27\Lib\site-packages\pygame\tests\test_utils\arrinter.py
200 File Copy: C:\Python27\Lib\site-packages\pygame\tests\test_utils\async_sub.py
200 File Copy: C:\Python27\Lib\site-packages\pygame\tests\test_utils\run_tests.py
200 File Copy: C:\Python27\Lib\site-packages\pygame\tests\test_utils\test_runner.py
200 File Copy: C:\Python27\Lib\site-packages\pygame\tests\test_utils\unittest.py
200 File Copy: C:\Python27\Lib\site-packages\pygame\tests\test_utils\unittest_patch.py
200 File Copy: C:\Python27\Lib\site-packages\pygame\tests\test_utils\__init__.py
100 Made Dir: C:\Python27\Lib\site-packages\pygame\threads
200 File Copy: C:\Python27\Lib\site-packages\pygame\threads\Py25Queue.py
200 File Copy: C:\Python27\Lib\site-packages\pygame\threads\__init__.py
200 File Copy: C:\Python27\Lib\site-packages\pygame\threads\__init__.pyc
200 File Copy: C:\Python27\Lib\site-packages\pygame\threads\Py25Queue.pyc
200 File Copy: C:\Python27\Lib\site-packages\pygame\tests\test_utils\__init__.pyc
200 File Copy: C:\Python27\Lib\site-packages\pygame\tests\test_utils\unittest_patch.pyc
200 File Copy: C:\Python27\Lib\site-packages\pygame\tests\test_utils\unittest.pyc
200 File Copy: C:\Python27\Lib\site-packages\pygame\tests\test_utils\test_runner.pyc
200 File Copy: C:\Python27\Lib\site-packages\pygame\tests\test_utils\run_tests.pyc
200 File Copy: C:\Python27\Lib\site-packages\pygame\tests\test_utils\async_sub.pyc
200 File Copy: C:\Python27\Lib\site-packages\pygame\tests\test_utils\arrinter.pyc
200 File Copy: C:\Python27\Lib\site-packages\pygame\tests\run_tests__tests\timeout\__init__.pyc
200 File Copy: C:\Python27\Lib\site-packages\pygame\tests\run_tests__tests\timeout\sleep_test.pyc
200 File Copy: C:\Python27\Lib\site-packages\pygame\tests\run_tests__tests\timeout\fake_2_test.pyc
200 File Copy: C:\Python27\Lib\site-packages\pygame\tests\run_tests__tests\print_stdout\__init__.pyc
200 File Copy: C:\Python27\Lib\site-packages\pygame\tests\run_tests__tests\print_stdout\fake_4_test.pyc
200 File Copy: C:\Python27\Lib\site-packages\pygame\tests\run_tests__tests\print_stdout\fake_3_test.pyc
200 File Copy: C:\Python27\Lib\site-packages\pygame\tests\run_tests__tests\print_stdout\fake_2_test.pyc
200 File Copy: C:\Python27\Lib\site-packages\pygame\tests\run_tests__tests\print_stderr\__init__.pyc
200 File Copy: C:\Python27\Lib\site-packages\pygame\tests\run_tests__tests\print_stderr\fake_4_test.pyc
200 File Copy: C:\Python27\Lib\site-packages\pygame\tests\run_tests__tests\print_stderr\fake_3_test.pyc
200 File Copy: C:\Python27\Lib\site-packages\pygame\tests\run_tests__tests\print_stderr\fake_2_test.pyc
200 File Copy: C:\Python27\Lib\site-packages\pygame\tests\run_tests__tests\infinite_loop\__init__.pyc
200 File Copy: C:\Python27\Lib\site-packages\pygame\tests\run_tests__tests\infinite_loop\fake_2_test.pyc
200 File Copy: C:\Python27\Lib\site-packages\pygame\tests\run_tests__tests\infinite_loop\fake_1_test.pyc
200 File Copy: C:\Python27\Lib\site-packages\pygame\tests\run_tests__tests\incomplete_todo\__init__.pyc
200 File Copy: C:\Python27\Lib\site-packages\pygame\tests\run_tests__tests\incomplete_todo\fake_3_test.pyc
200 File Copy: C:\Python27\Lib\site-packages\pygame\tests\run_tests__tests\incomplete_todo\fake_2_test.pyc
200 File Copy: C:\Python27\Lib\site-packages\pygame\tests\run_tests__tests\incomplete\__init__.pyc
200 File Copy: C:\Python27\Lib\site-packages\pygame\tests\run_tests__tests\incomplete\fake_3_test.pyc
200 File Copy: C:\Python27\Lib\site-packages\pygame\tests\run_tests__tests\incomplete\fake_2_test.pyc
200 File Copy: C:\Python27\Lib\site-packages\pygame\tests\run_tests__tests\failures1\__init__.pyc
200 File Copy: C:\Python27\Lib\site-packages\pygame\tests\run_tests__tests\failures1\fake_4_test.pyc
200 File Copy: C:\Python27\Lib\site-packages\pygame\tests\run_tests__tests\failures1\fake_3_test.pyc
200 File Copy: C:\Python27\Lib\site-packages\pygame\tests\run_tests__tests\failures1\fake_2_test.pyc
200 File Copy: C:\Python27\Lib\site-packages\pygame\tests\run_tests__tests\exclude\__init__.pyc
200 File Copy: C:\Python27\Lib\site-packages\pygame\tests\run_tests__tests\exclude\magic_tag_test.pyc
200 File Copy: C:\Python27\Lib\site-packages\pygame\tests\run_tests__tests\exclude\invisible_tag_test.pyc
200 File Copy: C:\Python27\Lib\site-packages\pygame\tests\run_tests__tests\exclude\fake_2_test.pyc
200 File Copy: C:\Python27\Lib\site-packages\pygame\tests\run_tests__tests\everything\__init__.pyc
200 File Copy: C:\Python27\Lib\site-packages\pygame\tests\run_tests__tests\everything\sleep_test.pyc
200 File Copy: C:\Python27\Lib\site-packages\pygame\tests\run_tests__tests\everything\magic_tag_test.pyc
200 File Copy: C:\Python27\Lib\site-packages\pygame\tests\run_tests__tests\everything\incomplete_todo_test.pyc
200 File Copy: C:\Python27\Lib\site-packages\pygame\tests\run_tests__tests\everything\fake_2_test.pyc
200 File Copy: C:\Python27\Lib\site-packages\pygame\tests\run_tests__tests\all_ok\__init__.pyc
200 File Copy: C:\Python27\Lib\site-packages\pygame\tests\run_tests__tests\all_ok\zero_tests_test.pyc
200 File Copy: C:\Python27\Lib\site-packages\pygame\tests\run_tests__tests\all_ok\no_assertions__ret_code_of_1__test.pyc
200 File Copy: C:\Python27\Lib\site-packages\pygame\tests\run_tests__tests\all_ok\fake_6_test.pyc
200 File Copy: C:\Python27\Lib\site-packages\pygame\tests\run_tests__tests\all_ok\fake_5_test.pyc
200 File Copy: C:\Python27\Lib\site-packages\pygame\tests\run_tests__tests\all_ok\fake_4_test.pyc
200 File Copy: C:\Python27\Lib\site-packages\pygame\tests\run_tests__tests\all_ok\fake_3_test.pyc
200 File Copy: C:\Python27\Lib\site-packages\pygame\tests\run_tests__tests\all_ok\fake_2_test.pyc
200 File Copy: C:\Python27\Lib\site-packages\pygame\tests\run_tests__tests\__init__.pyc
200 File Copy: C:\Python27\Lib\site-packages\pygame\tests\run_tests__tests\run_tests__test.pyc
200 File Copy: C:\Python27\Lib\site-packages\pygame\tests\__main__.pyc
200 File Copy: C:\Python27\Lib\site-packages\pygame\tests\__init__.pyc
200 File Copy: C:\Python27\Lib\site-packages\pygame\tests\_vlcmovietest.pyc
200 File Copy: C:\Python27\Lib\site-packages\pygame\tests\_view_test.pyc
200 File Copy: C:\Python27\Lib\site-packages\pygame\tests\_movie_test.pyc
200 File Copy: C:\Python27\Lib\site-packages\pygame\tests\_movie_tags.pyc
200 File Copy: C:\Python27\Lib\site-packages\pygame\tests\_dummymovietest.pyc
200 File Copy: C:\Python27\Lib\site-packages\pygame\tests\transform_test.pyc
200 File Copy: C:\Python27\Lib\site-packages\pygame\tests\time_test.pyc
200 File Copy: C:\Python27\Lib\site-packages\pygame\tests\threads_test.pyc
200 File Copy: C:\Python27\Lib\site-packages\pygame\tests\threads_tags.pyc
200 File Copy: C:\Python27\Lib\site-packages\pygame\tests\test_test_.pyc
200 File Copy: C:\Python27\Lib\site-packages\pygame\tests\sysfont_test.pyc
200 File Copy: C:\Python27\Lib\site-packages\pygame\tests\surflock_test.pyc
200 File Copy: C:\Python27\Lib\site-packages\pygame\tests\surfarray_test.pyc
200 File Copy: C:\Python27\Lib\site-packages\pygame\tests\surfarray_tags.pyc
200 File Copy: C:\Python27\Lib\site-packages\pygame\tests\surface_test.pyc
200 File Copy: C:\Python27\Lib\site-packages\pygame\tests\sprite_test.pyc
200 File Copy: C:\Python27\Lib\site-packages\pygame\tests\sndarray_test.pyc
200 File Copy: C:\Python27\Lib\site-packages\pygame\tests\sndarray_tags.pyc
200 File Copy: C:\Python27\Lib\site-packages\pygame\tests\scrap_test.pyc
200 File Copy: C:\Python27\Lib\site-packages\pygame\tests\scrap_tags.pyc
200 File Copy: C:\Python27\Lib\site-packages\pygame\tests\rwobject_test.pyc
200 File Copy: C:\Python27\Lib\site-packages\pygame\tests\rect_test.pyc
200 File Copy: C:\Python27\Lib\site-packages\pygame\tests\pixelcopy_test.pyc
200 File Copy: C:\Python27\Lib\site-packages\pygame\tests\pixelarray_test.pyc
200 File Copy: C:\Python27\Lib\site-packages\pygame\tests\overlay_test.pyc
200 File Copy: C:\Python27\Lib\site-packages\pygame\tests\movie_test.pyc
200 File Copy: C:\Python27\Lib\site-packages\pygame\tests\movie_tags.pyc
200 File Copy: C:\Python27\Lib\site-packages\pygame\tests\mouse_test.pyc
200 File Copy: C:\Python27\Lib\site-packages\pygame\tests\mixer_test.pyc
200 File Copy: C:\Python27\Lib\site-packages\pygame\tests\mixer_tags.pyc
200 File Copy: C:\Python27\Lib\site-packages\pygame\tests\mixer_music_test.pyc
200 File Copy: C:\Python27\Lib\site-packages\pygame\tests\mixer_music_tags.pyc
200 File Copy: C:\Python27\Lib\site-packages\pygame\tests\midi_test.pyc
200 File Copy: C:\Python27\Lib\site-packages\pygame\tests\midi_tags.pyc
200 File Copy: C:\Python27\Lib\site-packages\pygame\tests\math_test.pyc
200 File Copy: C:\Python27\Lib\site-packages\pygame\tests\mask_test.pyc
200 File Copy: C:\Python27\Lib\site-packages\pygame\tests\key_test.pyc
200 File Copy: C:\Python27\Lib\site-packages\pygame\tests\joystick_test.pyc
200 File Copy: C:\Python27\Lib\site-packages\pygame\tests\image__save_gl_surface_test.pyc
200 File Copy: C:\Python27\Lib\site-packages\pygame\tests\image_test.pyc
200 File Copy: C:\Python27\Lib\site-packages\pygame\tests\image_tags.pyc
200 File Copy: C:\Python27\Lib\site-packages\pygame\tests\imageext_test.pyc
200 File Copy: C:\Python27\Lib\site-packages\pygame\tests\imageext_tags.pyc
200 File Copy: C:\Python27\Lib\site-packages\pygame\tests\gfxdraw_test.pyc
200 File Copy: C:\Python27\Lib\site-packages\pygame\tests\freetype_font_test.pyc
200 File Copy: C:\Python27\Lib\site-packages\pygame\tests\freetype_font_tags.pyc
200 File Copy: C:\Python27\Lib\site-packages\pygame\tests\font_test.pyc
200 File Copy: C:\Python27\Lib\site-packages\pygame\tests\font_tags.pyc
200 File Copy: C:\Python27\Lib\site-packages\pygame\tests\fastevent_test.pyc
200 File Copy: C:\Python27\Lib\site-packages\pygame\tests\event_test.pyc
200 File Copy: C:\Python27\Lib\site-packages\pygame\tests\draw_test.pyc
200 File Copy: C:\Python27\Lib\site-packages\pygame\tests\display_test.pyc
200 File Copy: C:\Python27\Lib\site-packages\pygame\tests\cursors_test.pyc
200 File Copy: C:\Python27\Lib\site-packages\pygame\tests\compat_test.pyc
200 File Copy: C:\Python27\Lib\site-packages\pygame\tests\color_test.pyc
200 File Copy: C:\Python27\Lib\site-packages\pygame\tests\cdrom_test.pyc
200 File Copy: C:\Python27\Lib\site-packages\pygame\tests\cdrom_tags.pyc
200 File Copy: C:\Python27\Lib\site-packages\pygame\tests\camera_test.pyc
200 File Copy: C:\Python27\Lib\site-packages\pygame\tests\bufferproxy_test.pyc
200 File Copy: C:\Python27\Lib\site-packages\pygame\tests\blit_test.pyc
200 File Copy: C:\Python27\Lib\site-packages\pygame\tests\base_test.pyc
200 File Copy: C:\Python27\Lib\site-packages\pygame\gp2x\__init__.pyc
200 File Copy: C:\Python27\Lib\site-packages\pygame\gp2x\locals.pyc
200 File Copy: C:\Python27\Lib\site-packages\pygame\gp2x\constants.pyc
200 File Copy: C:\Python27\Lib\site-packages\pygame\examples\macosx\aliens_app_example\setup.pyc
200 File Copy: C:\Python27\Lib\site-packages\pygame\examples\macosx\aliens_app_example\aliens.pyc
200 File Copy: C:\Python27\Lib\site-packages\pygame\examples\macosx\macfont.pyc
200 File Copy: C:\Python27\Lib\site-packages\pygame\examples\__movie_test.pyc
200 File Copy: C:\Python27\Lib\site-packages\pygame\examples\__init__.pyc
200 File Copy: C:\Python27\Lib\site-packages\pygame\examples\vgrade.pyc
200 File Copy: C:\Python27\Lib\site-packages\pygame\examples\testsprite.pyc
200 File Copy: C:\Python27\Lib\site-packages\pygame\examples\stars.pyc
200 File Copy: C:\Python27\Lib\site-packages\pygame\examples\sound_array_demos.pyc
200 File Copy: C:\Python27\Lib\site-packages\pygame\examples\sound.pyc
200 File Copy: C:\Python27\Lib\site-packages\pygame\examples\scroll.pyc
200 File Copy: C:\Python27\Lib\site-packages\pygame\examples\scrap_clipboard.pyc
200 File Copy: C:\Python27\Lib\site-packages\pygame\examples\scaletest.pyc
200 File Copy: C:\Python27\Lib\site-packages\pygame\examples\pixelarray.pyc
200 File Copy: C:\Python27\Lib\site-packages\pygame\examples\overlay.pyc
200 File Copy: C:\Python27\Lib\site-packages\pygame\examples\oldalien.pyc
200 File Copy: C:\Python27\Lib\site-packages\pygame\examples\movieplayer.pyc
200 File Copy: C:\Python27\Lib\site-packages\pygame\examples\moveit.pyc
200 File Copy: C:\Python27\Lib\site-packages\pygame\examples\midi.pyc
200 File Copy: C:\Python27\Lib\site-packages\pygame\examples\mask.pyc
200 File Copy: C:\Python27\Lib\site-packages\pygame\examples\liquid.pyc
200 File Copy: C:\Python27\Lib\site-packages\pygame\examples\headless_no_windows_needed.pyc
200 File Copy: C:\Python27\Lib\site-packages\pygame\examples\glcube.pyc
200 File Copy: C:\Python27\Lib\site-packages\pygame\examples\freetype_misc.pyc
200 File Copy: C:\Python27\Lib\site-packages\pygame\examples\fonty.pyc
200 File Copy: C:\Python27\Lib\site-packages\pygame\examples\fastevents.pyc
200 File Copy: C:\Python27\Lib\site-packages\pygame\examples\eventlist.pyc
200 File Copy: C:\Python27\Lib\site-packages\pygame\examples\cursors.pyc
200 File Copy: C:\Python27\Lib\site-packages\pygame\examples\chimp.pyc
200 File Copy: C:\Python27\Lib\site-packages\pygame\examples\camera.pyc
200 File Copy: C:\Python27\Lib\site-packages\pygame\examples\blit_blends.pyc
200 File Copy: C:\Python27\Lib\site-packages\pygame\examples\blend_fill.pyc
200 File Copy: C:\Python27\Lib\site-packages\pygame\examples\arraydemo.pyc
200 File Copy: C:\Python27\Lib\site-packages\pygame\examples\aliens.pyc
200 File Copy: C:\Python27\Lib\site-packages\pygame\examples\aacircle_test.pyc
200 File Copy: C:\Python27\Lib\site-packages\pygame\examples\aacircle.pyc
200 File Copy: C:\Python27\Lib\site-packages\pygame\docs\__main__.pyc
200 File Copy: C:\Python27\Lib\site-packages\pygame\docs\__init__.pyc
200 File Copy: C:\Python27\Lib\site-packages\pygame\__init__.pyc
200 File Copy: C:\Python27\Lib\site-packages\pygame\_vlcbackend.pyc
200 File Copy: C:\Python27\Lib\site-packages\pygame\_numpysurfarray.pyc
200 File Copy: C:\Python27\Lib\site-packages\pygame\_numpysndarray.pyc
200 File Copy: C:\Python27\Lib\site-packages\pygame\_dummybackend.pyc
200 File Copy: C:\Python27\Lib\site-packages\pygame\_camera_vidcapture.pyc
200 File Copy: C:\Python27\Lib\site-packages\pygame\_camera_opencv_highgui.pyc
200 File Copy: C:\Python27\Lib\site-packages\pygame\version.pyc
200 File Copy: C:\Python27\Lib\site-packages\pygame\sysfont.pyc
200 File Copy: C:\Python27\Lib\site-packages\pygame\surfarray.pyc
200 File Copy: C:\Python27\Lib\site-packages\pygame\sprite.pyc
200 File Copy: C:\Python27\Lib\site-packages\pygame\sndarray.pyc
200 File Copy: C:\Python27\Lib\site-packages\pygame\pkgdata.pyc
200 File Copy: C:\Python27\Lib\site-packages\pygame\nmovie.pyc
200 File Copy: C:\Python27\Lib\site-packages\pygame\midi.pyc
200 File Copy: C:\Python27\Lib\site-packages\pygame\mac_scrap.pyc
200 File Copy: C:\Python27\Lib\site-packages\pygame\macosx.pyc
200 File Copy: C:\Python27\Lib\site-packages\pygame\locals.pyc
200 File Copy: C:\Python27\Lib\site-packages\pygame\cursors.pyc
200 File Copy: C:\Python27\Lib\site-packages\pygame\compat.pyc
200 File Copy: C:\Python27\Lib\site-packages\pygame\colordict.pyc
200 File Copy: C:\Python27\Lib\site-packages\pygame\camera.pyc
200 File Copy: C:\Python27\Lib\site-packages\pygame\threads\__init__.pyo
200 File Copy: C:\Python27\Lib\site-packages\pygame\threads\Py25Queue.pyo
200 File Copy: C:\Python27\Lib\site-packages\pygame\tests\test_utils\__init__.pyo
200 File Copy: C:\Python27\Lib\site-packages\pygame\tests\test_utils\unittest_patch.pyo
200 File Copy: C:\Python27\Lib\site-packages\pygame\tests\test_utils\unittest.pyo
200 File Copy: C:\Python27\Lib\site-packages\pygame\tests\test_utils\test_runner.pyo
200 File Copy: C:\Python27\Lib\site-packages\pygame\tests\test_utils\run_tests.pyo
200 File Copy: C:\Python27\Lib\site-packages\pygame\tests\test_utils\async_sub.pyo
200 File Copy: C:\Python27\Lib\site-packages\pygame\tests\test_utils\arrinter.pyo
200 File Copy: C:\Python27\Lib\site-packages\pygame\tests\run_tests__tests\timeout\__init__.pyo
200 File Copy: C:\Python27\Lib\site-packages\pygame\tests\run_tests__tests\timeout\sleep_test.pyo
200 File Copy: C:\Python27\Lib\site-packages\pygame\tests\run_tests__tests\timeout\fake_2_test.pyo
200 File Copy: C:\Python27\Lib\site-packages\pygame\tests\run_tests__tests\print_stdout\__init__.pyo
200 File Copy: C:\Python27\Lib\site-packages\pygame\tests\run_tests__tests\print_stdout\fake_4_test.pyo
200 File Copy: C:\Python27\Lib\site-packages\pygame\tests\run_tests__tests\print_stdout\fake_3_test.pyo
200 File Copy: C:\Python27\Lib\site-packages\pygame\tests\run_tests__tests\print_stdout\fake_2_test.pyo
200 File Copy: C:\Python27\Lib\site-packages\pygame\tests\run_tests__tests\print_stderr\__init__.pyo
200 File Copy: C:\Python27\Lib\site-packages\pygame\tests\run_tests__tests\print_stderr\fake_4_test.pyo
200 File Copy: C:\Python27\Lib\site-packages\pygame\tests\run_tests__tests\print_stderr\fake_3_test.pyo
200 File Copy: C:\Python27\Lib\site-packages\pygame\tests\run_tests__tests\print_stderr\fake_2_test.pyo
200 File Copy: C:\Python27\Lib\site-packages\pygame\tests\run_tests__tests\infinite_loop\__init__.pyo
200 File Copy: C:\Python27\Lib\site-packages\pygame\tests\run_tests__tests\infinite_loop\fake_2_test.pyo
200 File Copy: C:\Python27\Lib\site-packages\pygame\tests\run_tests__tests\infinite_loop\fake_1_test.pyo
200 File Copy: C:\Python27\Lib\site-packages\pygame\tests\run_tests__tests\incomplete_todo\__init__.pyo
200 File Copy: C:\Python27\Lib\site-packages\pygame\tests\run_tests__tests\incomplete_todo\fake_3_test.pyo
200 File Copy: C:\Python27\Lib\site-packages\pygame\tests\run_tests__tests\incomplete_todo\fake_2_test.pyo
200 File Copy: C:\Python27\Lib\site-packages\pygame\tests\run_tests__tests\incomplete\__init__.pyo
200 File Copy: C:\Python27\Lib\site-packages\pygame\tests\run_tests__tests\incomplete\fake_3_test.pyo
200 File Copy: C:\Python27\Lib\site-packages\pygame\tests\run_tests__tests\incomplete\fake_2_test.pyo
200 File Copy: C:\Python27\Lib\site-packages\pygame\tests\run_tests__tests\failures1\__init__.pyo
200 File Copy: C:\Python27\Lib\site-packages\pygame\tests\run_tests__tests\failures1\fake_4_test.pyo
200 File Copy: C:\Python27\Lib\site-packages\pygame\tests\run_tests__tests\failures1\fake_3_test.pyo
200 File Copy: C:\Python27\Lib\site-packages\pygame\tests\run_tests__tests\failures1\fake_2_test.pyo
200 File Copy: C:\Python27\Lib\site-packages\pygame\tests\run_tests__tests\exclude\__init__.pyo
200 File Copy: C:\Python27\Lib\site-packages\pygame\tests\run_tests__tests\exclude\magic_tag_test.pyo
200 File Copy: C:\Python27\Lib\site-packages\pygame\tests\run_tests__tests\exclude\invisible_tag_test.pyo
200 File Copy: C:\Python27\Lib\site-packages\pygame\tests\run_tests__tests\exclude\fake_2_test.pyo
200 File Copy: C:\Python27\Lib\site-packages\pygame\tests\run_tests__tests\everything\__init__.pyo
200 File Copy: C:\Python27\Lib\site-packages\pygame\tests\run_tests__tests\everything\sleep_test.pyo
200 File Copy: C:\Python27\Lib\site-packages\pygame\tests\run_tests__tests\everything\magic_tag_test.pyo
200 File Copy: C:\Python27\Lib\site-packages\pygame\tests\run_tests__tests\everything\incomplete_todo_test.pyo
200 File Copy: C:\Python27\Lib\site-packages\pygame\tests\run_tests__tests\everything\fake_2_test.pyo
200 File Copy: C:\Python27\Lib\site-packages\pygame\tests\run_tests__tests\all_ok\__init__.pyo
200 File Copy: C:\Python27\Lib\site-packages\pygame\tests\run_tests__tests\all_ok\zero_tests_test.pyo
200 File Copy: C:\Python27\Lib\site-packages\pygame\tests\run_tests__tests\all_ok\no_assertions__ret_code_of_1__test.pyo
200 File Copy: C:\Python27\Lib\site-packages\pygame\tests\run_tests__tests\all_ok\fake_6_test.pyo
200 File Copy: C:\Python27\Lib\site-packages\pygame\tests\run_tests__tests\all_ok\fake_5_test.pyo
200 File Copy: C:\Python27\Lib\site-packages\pygame\tests\run_tests__tests\all_ok\fake_4_test.pyo
200 File Copy: C:\Python27\Lib\site-packages\pygame\tests\run_tests__tests\all_ok\fake_3_test.pyo
200 File Copy: C:\Python27\Lib\site-packages\pygame\tests\run_tests__tests\all_ok\fake_2_test.pyo
200 File Copy: C:\Python27\Lib\site-packages\pygame\tests\run_tests__tests\__init__.pyo
200 File Copy: C:\Python27\Lib\site-packages\pygame\tests\run_tests__tests\run_tests__test.pyo
200 File Copy: C:\Python27\Lib\site-packages\pygame\tests\__main__.pyo
200 File Copy: C:\Python27\Lib\site-packages\pygame\tests\__init__.pyo
200 File Copy: C:\Python27\Lib\site-packages\pygame\tests\_vlcmovietest.pyo
200 File Copy: C:\Python27\Lib\site-packages\pygame\tests\_view_test.pyo
200 File Copy: C:\Python27\Lib\site-packages\pygame\tests\_movie_test.pyo
200 File Copy: C:\Python27\Lib\site-packages\pygame\tests\_movie_tags.pyo
200 File Copy: C:\Python27\Lib\site-packages\pygame\tests\_dummymovietest.pyo
200 File Copy: C:\Python27\Lib\site-packages\pygame\tests\transform_test.pyo
200 File Copy: C:\Python27\Lib\site-packages\pygame\tests\time_test.pyo
200 File Copy: C:\Python27\Lib\site-packages\pygame\tests\threads_test.pyo
200 File Copy: C:\Python27\Lib\site-packages\pygame\tests\threads_tags.pyo
200 File Copy: C:\Python27\Lib\site-packages\pygame\tests\test_test_.pyo
200 File Copy: C:\Python27\Lib\site-packages\pygame\tests\sysfont_test.pyo
200 File Copy: C:\Python27\Lib\site-packages\pygame\tests\surflock_test.pyo
200 File Copy: C:\Python27\Lib\site-packages\pygame\tests\surfarray_test.pyo
200 File Copy: C:\Python27\Lib\site-packages\pygame\tests\surfarray_tags.pyo
200 File Copy: C:\Python27\Lib\site-packages\pygame\tests\surface_test.pyo
200 File Copy: C:\Python27\Lib\site-packages\pygame\tests\sprite_test.pyo
200 File Copy: C:\Python27\Lib\site-packages\pygame\tests\sndarray_test.pyo
200 File Copy: C:\Python27\Lib\site-packages\pygame\tests\sndarray_tags.pyo
200 File Copy: C:\Python27\Lib\site-packages\pygame\tests\scrap_test.pyo
200 File Copy: C:\Python27\Lib\site-packages\pygame\tests\scrap_tags.pyo
200 File Copy: C:\Python27\Lib\site-packages\pygame\tests\rwobject_test.pyo
200 File Copy: C:\Python27\Lib\site-packages\pygame\tests\rect_test.pyo
200 File Copy: C:\Python27\Lib\site-packages\pygame\tests\pixelcopy_test.pyo
200 File Copy: C:\Python27\Lib\site-packages\pygame\tests\pixelarray_test.pyo
200 File Copy: C:\Python27\Lib\site-packages\pygame\tests\overlay_test.pyo
200 File Copy: C:\Python27\Lib\site-packages\pygame\tests\movie_test.pyo
200 File Copy: C:\Python27\Lib\site-packages\pygame\tests\movie_tags.pyo
200 File Copy: C:\Python27\Lib\site-packages\pygame\tests\mouse_test.pyo
200 File Copy: C:\Python27\Lib\site-packages\pygame\tests\mixer_test.pyo
200 File Copy: C:\Python27\Lib\site-packages\pygame\tests\mixer_tags.pyo
200 File Copy: C:\Python27\Lib\site-packages\pygame\tests\mixer_music_test.pyo
200 File Copy: C:\Python27\Lib\site-packages\pygame\tests\mixer_music_tags.pyo
200 File Copy: C:\Python27\Lib\site-packages\pygame\tests\midi_test.pyo
200 File Copy: C:\Python27\Lib\site-packages\pygame\tests\midi_tags.pyo
200 File Copy: C:\Python27\Lib\site-packages\pygame\tests\math_test.pyo
200 File Copy: C:\Python27\Lib\site-packages\pygame\tests\mask_test.pyo
200 File Copy: C:\Python27\Lib\site-packages\pygame\tests\key_test.pyo
200 File Copy: C:\Python27\Lib\site-packages\pygame\tests\joystick_test.pyo
200 File Copy: C:\Python27\Lib\site-packages\pygame\tests\image__save_gl_surface_test.pyo
200 File Copy: C:\Python27\Lib\site-packages\pygame\tests\image_test.pyo
200 File Copy: C:\Python27\Lib\site-packages\pygame\tests\image_tags.pyo
200 File Copy: C:\Python27\Lib\site-packages\pygame\tests\imageext_test.pyo
200 File Copy: C:\Python27\Lib\site-packages\pygame\tests\imageext_tags.pyo
200 File Copy: C:\Python27\Lib\site-packages\pygame\tests\gfxdraw_test.pyo
200 File Copy: C:\Python27\Lib\site-packages\pygame\tests\freetype_font_test.pyo
200 File Copy: C:\Python27\Lib\site-packages\pygame\tests\freetype_font_tags.pyo
200 File Copy: C:\Python27\Lib\site-packages\pygame\tests\font_test.pyo
200 File Copy: C:\Python27\Lib\site-packages\pygame\tests\font_tags.pyo
200 File Copy: C:\Python27\Lib\site-packages\pygame\tests\fastevent_test.pyo
200 File Copy: C:\Python27\Lib\site-packages\pygame\tests\event_test.pyo
200 File Copy: C:\Python27\Lib\site-packages\pygame\tests\draw_test.pyo
200 File Copy: C:\Python27\Lib\site-packages\pygame\tests\display_test.pyo
200 File Copy: C:\Python27\Lib\site-packages\pygame\tests\cursors_test.pyo
200 File Copy: C:\Python27\Lib\site-packages\pygame\tests\compat_test.pyo
200 File Copy: C:\Python27\Lib\site-packages\pygame\tests\color_test.pyo
200 File Copy: C:\Python27\Lib\site-packages\pygame\tests\cdrom_test.pyo
200 File Copy: C:\Python27\Lib\site-packages\pygame\tests\cdrom_tags.pyo
200 File Copy: C:\Python27\Lib\site-packages\pygame\tests\camera_test.pyo
200 File Copy: C:\Python27\Lib\site-packages\pygame\tests\bufferproxy_test.pyo
200 File Copy: C:\Python27\Lib\site-packages\pygame\tests\blit_test.pyo
200 File Copy: C:\Python27\Lib\site-packages\pygame\tests\base_test.pyo
200 File Copy: C:\Python27\Lib\site-packages\pygame\gp2x\__init__.pyo
200 File Copy: C:\Python27\Lib\site-packages\pygame\gp2x\locals.pyo
200 File Copy: C:\Python27\Lib\site-packages\pygame\gp2x\constants.pyo
200 File Copy: C:\Python27\Lib\site-packages\pygame\examples\macosx\aliens_app_example\setup.pyo
200 File Copy: C:\Python27\Lib\site-packages\pygame\examples\macosx\aliens_app_example\aliens.pyo
200 File Copy: C:\Python27\Lib\site-packages\pygame\examples\macosx\macfont.pyo
200 File Copy: C:\Python27\Lib\site-packages\pygame\examples\__movie_test.pyo
200 File Copy: C:\Python27\Lib\site-packages\pygame\examples\__init__.pyo
200 File Copy: C:\Python27\Lib\site-packages\pygame\examples\vgrade.pyo
200 File Copy: C:\Python27\Lib\site-packages\pygame\examples\testsprite.pyo
200 File Copy: C:\Python27\Lib\site-packages\pygame\examples\stars.pyo
200 File Copy: C:\Python27\Lib\site-packages\pygame\examples\sound_array_demos.pyo
200 File Copy: C:\Python27\Lib\site-packages\pygame\examples\sound.pyo
200 File Copy: C:\Python27\Lib\site-packages\pygame\examples\scroll.pyo
200 File Copy: C:\Python27\Lib\site-packages\pygame\examples\scrap_clipboard.pyo
200 File Copy: C:\Python27\Lib\site-packages\pygame\examples\scaletest.pyo
200 File Copy: C:\Python27\Lib\site-packages\pygame\examples\pixelarray.pyo
200 File Copy: C:\Python27\Lib\site-packages\pygame\examples\overlay.pyo
200 File Copy: C:\Python27\Lib\site-packages\pygame\examples\oldalien.pyo
200 File Copy: C:\Python27\Lib\site-packages\pygame\examples\movieplayer.pyo
200 File Copy: C:\Python27\Lib\site-packages\pygame\examples\moveit.pyo
200 File Copy: C:\Python27\Lib\site-packages\pygame\examples\midi.pyo
200 File Copy: C:\Python27\Lib\site-packages\pygame\examples\mask.pyo
200 File Copy: C:\Python27\Lib\site-packages\pygame\examples\liquid.pyo
200 File Copy: C:\Python27\Lib\site-packages\pygame\examples\headless_no_windows_needed.pyo
200 File Copy: C:\Python27\Lib\site-packages\pygame\examples\glcube.pyo
200 File Copy: C:\Python27\Lib\site-packages\pygame\examples\freetype_misc.pyo
200 File Copy: C:\Python27\Lib\site-packages\pygame\examples\fonty.pyo
200 File Copy: C:\Python27\Lib\site-packages\pygame\examples\fastevents.pyo
200 File Copy: C:\Python27\Lib\site-packages\pygame\examples\eventlist.pyo
200 File Copy: C:\Python27\Lib\site-packages\pygame\examples\cursors.pyo
200 File Copy: C:\Python27\Lib\site-packages\pygame\examples\chimp.pyo
200 File Copy: C:\Python27\Lib\site-packages\pygame\examples\camera.pyo
200 File Copy: C:\Python27\Lib\site-packages\pygame\examples\blit_blends.pyo
200 File Copy: C:\Python27\Lib\site-packages\pygame\examples\blend_fill.pyo
200 File Copy: C:\Python27\Lib\site-packages\pygame\examples\arraydemo.pyo
200 File Copy: C:\Python27\Lib\site-packages\pygame\examples\aliens.pyo
200 File Copy: C:\Python27\Lib\site-packages\pygame\examples\aacircle_test.pyo
200 File Copy: C:\Python27\Lib\site-packages\pygame\examples\aacircle.pyo
200 File Copy: C:\Python27\Lib\site-packages\pygame\docs\__main__.pyo
200 File Copy: C:\Python27\Lib\site-packages\pygame\docs\__init__.pyo
200 File Copy: C:\Python27\Lib\site-packages\pygame\__init__.pyo
200 File Copy: C:\Python27\Lib\site-packages\pygame\_vlcbackend.pyo
200 File Copy: C:\Python27\Lib\site-packages\pygame\_numpysurfarray.pyo
200 File Copy: C:\Python27\Lib\site-packages\pygame\_numpysndarray.pyo
200 File Copy: C:\Python27\Lib\site-packages\pygame\_dummybackend.pyo
200 File Copy: C:\Python27\Lib\site-packages\pygame\_camera_vidcapture.pyo
200 File Copy: C:\Python27\Lib\site-packages\pygame\_camera_opencv_highgui.pyo
200 File Copy: C:\Python27\Lib\site-packages\pygame\version.pyo
200 File Copy: C:\Python27\Lib\site-packages\pygame\sysfont.pyo
200 File Copy: C:\Python27\Lib\site-packages\pygame\surfarray.pyo
200 File Copy: C:\Python27\Lib\site-packages\pygame\sprite.pyo
200 File Copy: C:\Python27\Lib\site-packages\pygame\sndarray.pyo
200 File Copy: C:\Python27\Lib\site-packages\pygame\pkgdata.pyo
200 File Copy: C:\Python27\Lib\site-packages\pygame\nmovie.pyo
200 File Copy: C:\Python27\Lib\site-packages\pygame\midi.pyo
200 File Copy: C:\Python27\Lib\site-packages\pygame\mac_scrap.pyo
200 File Copy: C:\Python27\Lib\site-packages\pygame\macosx.pyo
200 File Copy: C:\Python27\Lib\site-packages\pygame\locals.pyo
200 File Copy: C:\Python27\Lib\site-packages\pygame\cursors.pyo
200 File Copy: C:\Python27\Lib\site-packages\pygame\compat.pyo
200 File Copy: C:\Python27\Lib\site-packages\pygame\colordict.pyo
200 File Copy: C:\Python27\Lib\site-packages\pygame\camera.pyo
